<?xml version="1.0" encoding="UTF-8"?>
<testsuite xmlns:xsi="http://www.w3.org/2001/XMLSchema-instance" xsi:noNamespaceSchemaLocation="https://maven.apache.org/surefire/maven-surefire-plugin/xsd/surefire-test-report-3.0.xsd" version="3.0" name="com.artificialncool.hostapp.integration.TestRezervacijeIntegration" time="7.028" tests="3" errors="0" skipped="0" failures="0">
  <properties>
[...]
</properties>
  <testcase name="shouldAddReservation" classname="com.artificialncool.hostapp.integration.TestRezervacijeIntegration" time="0.103">
    <system-out><![CDATA[2023-06-18T18:00:41.599+02:00  INFO 27604 --- [           main] t.c.s.AnnotationConfigContextLoaderUtils : Could not detect default configuration classes for test class [com.artificialncool.hostapp.integration.TestRezervacijeIntegration]: TestRezervacijeIntegration does not declare any static, non-private, non-final, nested classes annotated with @Configuration.
2023-06-18T18:00:41.605+02:00  INFO 27604 --- [           main] .b.t.c.SpringBootTestContextBootstrapper : Found @SpringBootConfiguration com.artificialncool.hostapp.HostappApplication for test class com.artificialncool.hostapp.integration.TestRezervacijeIntegration
2023-06-18T18:00:41.609+02:00  INFO 27604 --- [           main] tc.mongo:latest                          : Creating container for image: mongo:latest
2023-06-18T18:00:41.688+02:00  INFO 27604 --- [           main] tc.mongo:latest                          : Container mongo:latest is starting: ba42db6fb4aed998127082dd677dd85bea97734d2d7372cc7688a4741438b40a
2023-06-18T18:00:43.613+02:00  INFO 27604 --- [           main] tc.mongo:latest                          : Container mongo:latest started in PT2.004637719S
2023-06-18T18:00:43.913+02:00  INFO 27604 --- [localhost:32824] org.mongodb.driver.cluster               : Exception in monitor thread while connecting to server localhost:32824

com.mongodb.MongoSocketOpenException: Exception opening socket
	at com.mongodb.internal.connection.SocketStream.open(SocketStream.java:73) ~[mongodb-driver-core-4.9.1.jar:na]
	at com.mongodb.internal.connection.InternalStreamConnection.open(InternalStreamConnection.java:204) ~[mongodb-driver-core-4.9.1.jar:na]
	at com.mongodb.internal.connection.DefaultServerMonitor$ServerMonitorRunnable.lookupServerDescription(DefaultServerMonitor.java:199) ~[mongodb-driver-core-4.9.1.jar:na]
	at com.mongodb.internal.connection.DefaultServerMonitor$ServerMonitorRunnable.run(DefaultServerMonitor.java:159) ~[mongodb-driver-core-4.9.1.jar:na]
	at java.base/java.lang.Thread.run(Thread.java:1623) ~[na:na]
Caused by: java.net.ConnectException: Connection refused
	at java.base/sun.nio.ch.Net.pollConnect(Native Method) ~[na:na]
	at java.base/sun.nio.ch.Net.pollConnectNow(Net.java:673) ~[na:na]
	at java.base/sun.nio.ch.NioSocketImpl.timedFinishConnect(NioSocketImpl.java:535) ~[na:na]
	at java.base/sun.nio.ch.NioSocketImpl.connect(NioSocketImpl.java:585) ~[na:na]
	at java.base/java.net.SocksSocketImpl.connect(SocksSocketImpl.java:327) ~[na:na]
	at java.base/java.net.Socket.connect(Socket.java:666) ~[na:na]
	at com.mongodb.internal.connection.SocketStreamHelper.initialize(SocketStreamHelper.java:107) ~[mongodb-driver-core-4.9.1.jar:na]
	at com.mongodb.internal.connection.SocketStream.initializeSocket(SocketStream.java:82) ~[mongodb-driver-core-4.9.1.jar:na]
	at com.mongodb.internal.connection.SocketStream.open(SocketStream.java:68) ~[mongodb-driver-core-4.9.1.jar:na]
	... 4 common frames omitted


  .   ____          _            __ _ _
 /\\ / ___'_ __ _ _(_)_ __  __ _ \ \ \ \
( ( )\___ | '_ | '_| | '_ \/ _` | \ \ \ \
 \\/  ___)| |_)| | | | | || (_| |  ) ) ) )
  '  |____| .__|_| |_|_| |_\__, | / / / /
 =========|_|==============|___/=/_/_/_/
 :: Spring Boot ::                (v3.1.0)

2023-06-18T18:00:47.492+02:00  INFO 27604 --- [           main] c.a.h.i.TestRezervacijeIntegration       : Starting TestRezervacijeIntegration using Java 20.0.1 with PID 27604 (started by matija in /home/matija/programi/DevOps/host-service/hotel-host-service)
2023-06-18T18:00:47.493+02:00  INFO 27604 --- [           main] c.a.h.i.TestRezervacijeIntegration       : No active profile set, falling back to 1 default profile: "default"
2023-06-18T18:00:47.622+02:00  INFO 27604 --- [           main] .s.d.r.c.RepositoryConfigurationDelegate : Multiple Spring Data modules found, entering strict repository configuration mode
2023-06-18T18:00:47.623+02:00  INFO 27604 --- [           main] .s.d.r.c.RepositoryConfigurationDelegate : Bootstrapping Spring Data MongoDB repositories in DEFAULT mode.
2023-06-18T18:00:47.632+02:00  INFO 27604 --- [           main] .s.d.r.c.RepositoryConfigurationDelegate : Finished Spring Data repository scanning in 8 ms. Found 2 MongoDB repository interfaces.
2023-06-18T18:00:47.741+02:00  INFO 27604 --- [           main] org.mongodb.driver.client                : MongoClient with metadata {"driver": {"name": "mongo-java-driver|sync|spring-boot", "version": "4.9.1"}, "os": {"type": "Linux", "name": "Linux", "architecture": "amd64", "version": "5.15.0-75-generic"}, "platform": "Java/Oracle Corporation/20.0.1+9-29"} created with settings MongoClientSettings{readPreference=primary, writeConcern=WriteConcern{w=null, wTimeout=null ms, journal=null}, retryWrites=true, retryReads=true, readConcern=ReadConcern{level=null}, credential=null, streamFactoryFactory=null, commandListeners=[], codecRegistry=ProvidersCodecRegistry{codecProviders=[ValueCodecProvider{}, BsonValueCodecProvider{}, DBRefCodecProvider{}, DBObjectCodecProvider{}, DocumentCodecProvider{}, CollectionCodecProvider{}, IterableCodecProvider{}, MapCodecProvider{}, GeoJsonCodecProvider{}, GridFSFileCodecProvider{}, Jsr310CodecProvider{}, JsonObjectCodecProvider{}, BsonCodecProvider{}, EnumCodecProvider{}, com.mongodb.client.model.mql.ExpressionCodecProvider@77ab22be, com.mongodb.Jep395RecordCodecProvider@59fbb34]}, loggerSettings=LoggerSettings{maxDocumentLength=1000}, clusterSettings={hosts=[localhost:32826], srvServiceName=mongodb, mode=SINGLE, requiredClusterType=UNKNOWN, requiredReplicaSetName='null', serverSelector='null', clusterListeners='[]', serverSelectionTimeout='30000 ms', localThreshold='30000 ms'}, socketSettings=SocketSettings{connectTimeoutMS=10000, readTimeoutMS=0, receiveBufferSize=0, sendBufferSize=0}, heartbeatSocketSettings=SocketSettings{connectTimeoutMS=10000, readTimeoutMS=10000, receiveBufferSize=0, sendBufferSize=0}, connectionPoolSettings=ConnectionPoolSettings{maxSize=100, minSize=0, maxWaitTimeMS=120000, maxConnectionLifeTimeMS=0, maxConnectionIdleTimeMS=0, maintenanceInitialDelayMS=0, maintenanceFrequencyMS=60000, connectionPoolListeners=[], maxConnecting=2}, serverSettings=ServerSettings{heartbeatFrequencyMS=10000, minHeartbeatFrequencyMS=500, serverListeners='[]', serverMonitorListeners='[]'}, sslSettings=SslSettings{enabled=false, invalidHostNameAllowed=false, context=null}, applicationName='null', compressorList=[], uuidRepresentation=JAVA_LEGACY, serverApi=null, autoEncryptionSettings=null, contextProvider=null}
2023-06-18T18:00:47.743+02:00  INFO 27604 --- [localhost:32826] org.mongodb.driver.cluster               : Monitor thread successfully connected to server with description ServerDescription{address=localhost:32826, type=REPLICA_SET_PRIMARY, state=CONNECTED, ok=true, minWireVersion=0, maxWireVersion=17, maxDocumentSize=16777216, logicalSessionTimeoutMinutes=30, roundTripTimeNanos=2370482, setName='docker-rs', canonicalAddress=ba42db6fb4ae:27017, hosts=[ba42db6fb4ae:27017], passives=[], arbiters=[], primary='ba42db6fb4ae:27017', tagSet=TagSet{[]}, electionId=7fffffff0000000000000001, setVersion=1, topologyVersion=TopologyVersion{processId=648f2a2a15cb97f5fe0a0602, counter=6}, lastWriteDate=Sun Jun 18 18:00:45 CEST 2023, lastUpdateTimeNanos=10217218021070}
2023-06-18T18:00:47.920+02:00  INFO 27604 --- [           main] o.s.b.t.m.w.SpringBootMockServletContext : Initializing Spring TestDispatcherServlet ''
2023-06-18T18:00:47.920+02:00  INFO 27604 --- [           main] o.s.t.web.servlet.TestDispatcherServlet  : Initializing Servlet ''
2023-06-18T18:00:47.921+02:00  INFO 27604 --- [           main] o.s.t.web.servlet.TestDispatcherServlet  : Completed initialization in 1 ms
2023-06-18T18:00:47.928+02:00  INFO 27604 --- [           main] c.a.h.i.TestRezervacijeIntegration       : Started TestRezervacijeIntegration in 0.469 seconds (process running for 31.173)

MockHttpServletRequest:
      HTTP Method = POST
      Request URI = /api/host/rezervacije
       Parameters = {}
          Headers = [Content-Type:"application/json;charset=UTF-8", Accept:"application/json", Content-Length:"147"]
             Body = {"id":null,"brojOsoba":3,"datumOd":"2023-01-07","datumDo":"2023-08-07","statusRezervacije":"U_OBRADI","korisnikID":"4025ti4j042tu","smestajID":"1"}
    Session Attrs = {}

Handler:
             Type = com.artificialncool.hostapp.controller.RezervacijaController
           Method = com.artificialncool.hostapp.controller.RezervacijaController#createNewForSmestaj(RezervacijaDTO)

Async:
    Async started = false
     Async result = null

Resolved Exception:
             Type = null

ModelAndView:
        View name = null
             View = null
            Model = null

FlashMap:
       Attributes = null

MockHttpServletResponse:
           Status = 200
    Error message = null
          Headers = [Content-Type:"application/json"]
     Content type = application/json
             Body = {"id":"1","naziv":"Apartmani Brdo","lokacija":"Banovo Brdo","pogodnosti":"Wifi, Klima, Internet, Kablovska","opis":"Halo najace","minGostiju":1,"maxGostiju":3,"prosecnaOcena":null,"baseCena":15.0,"totalnaCena":null,"tipCene":"PO_SMESTAJU","vlasnikID":"4025ti4j042tu"}
    Forwarded URL = null
   Redirected URL = null
          Cookies = []
]]></system-out>
  </testcase>
  <testcase name="shouldRejectReservation" classname="com.artificialncool.hostapp.integration.TestRezervacijeIntegration" time="0.079">
    <system-out><![CDATA[
MockHttpServletRequest:
      HTTP Method = POST
      Request URI = /api/host/rezervacije
       Parameters = {}
          Headers = [Content-Type:"application/json;charset=UTF-8", Accept:"application/json", Content-Length:"147"]
             Body = {"id":null,"brojOsoba":3,"datumOd":"2023-04-07","datumDo":"2023-12-07","statusRezervacije":"U_OBRADI","korisnikID":"4025ti4j042tu","smestajID":"1"}
    Session Attrs = {}

Handler:
             Type = com.artificialncool.hostapp.controller.RezervacijaController
           Method = com.artificialncool.hostapp.controller.RezervacijaController#createNewForSmestaj(RezervacijaDTO)

Async:
    Async started = false
     Async result = null

Resolved Exception:
             Type = org.springframework.web.server.ResponseStatusException

ModelAndView:
        View name = null
             View = null
            Model = null

FlashMap:
       Attributes = null

MockHttpServletResponse:
           Status = 409
    Error message = Ovaj termin je vec zauzet
          Headers = []
     Content type = null
             Body = 
    Forwarded URL = null
   Redirected URL = null
          Cookies = []
]]></system-out>
  </testcase>
  <testcase name="shouldAcceptReservation" classname="com.artificialncool.hostapp.integration.TestRezervacijeIntegration" time="0.053"/>
</testsuite>