<?xml version="1.0" encoding="UTF-8"?>
<testsuite xmlns:xsi="http://www.w3.org/2001/XMLSchema-instance" xsi:noNamespaceSchemaLocation="https://maven.apache.org/surefire/maven-surefire-plugin/xsd/surefire-test-report-3.0.xsd" version="3.0" name="com.artificialncool.hostapp.integration.TestDatabaseCon" time="11.681" tests="2" errors="0" skipped="0" failures="0">
  <properties>
[...]
</properties>
  <testcase name="shouldReturnAll" classname="com.artificialncool.hostapp.integration.TestDatabaseCon" time="0.396">
    <system-out><![CDATA[2023-06-18T18:00:22.613+02:00  INFO 27604 --- [           main] t.c.s.AnnotationConfigContextLoaderUtils : Could not detect default configuration classes for test class [com.artificialncool.hostapp.integration.TestDatabaseCon]: TestDatabaseCon does not declare any static, non-private, non-final, nested classes annotated with @Configuration.
2023-06-18T18:00:22.641+02:00  INFO 27604 --- [           main] .b.t.c.SpringBootTestContextBootstrapper : Found @SpringBootConfiguration com.artificialncool.hostapp.HostappApplication for test class com.artificialncool.hostapp.integration.TestDatabaseCon
2023-06-18T18:00:22.695+02:00  INFO 27604 --- [           main] o.t.utility.ImageNameSubstitutor         : Image name substitution will be performed by: DefaultImageNameSubstitutor (composite of 'ConfigurationFileImageNameSubstitutor' and 'PrefixingImageNameSubstitutor')
2023-06-18T18:00:22.897+02:00  INFO 27604 --- [           main] o.t.d.DockerClientProviderStrategy       : Loaded org.testcontainers.dockerclient.UnixSocketClientProviderStrategy from ~/.testcontainers.properties, will try it first
2023-06-18T18:00:23.331+02:00  INFO 27604 --- [           main] o.t.d.DockerClientProviderStrategy       : Found Docker environment with local Unix socket (unix:///var/run/docker.sock)
2023-06-18T18:00:23.334+02:00  INFO 27604 --- [           main] org.testcontainers.DockerClientFactory   : Docker host IP address is localhost
2023-06-18T18:00:23.361+02:00  INFO 27604 --- [           main] org.testcontainers.DockerClientFactory   : Connected to docker: 
  Server Version: 24.0.2
  API Version: 1.43
  Operating System: Ubuntu 22.04.2 LTS
  Total Memory: 7811 MB
2023-06-18T18:00:23.393+02:00  INFO 27604 --- [           main] tc.testcontainers/ryuk:0.4.0             : Creating container for image: testcontainers/ryuk:0.4.0
2023-06-18T18:00:23.400+02:00  INFO 27604 --- [           main] o.t.utility.RegistryAuthLocator          : Failure when attempting to lookup auth config. Please ignore if you don't have images in an authenticated registry. Details: (dockerImageName: testcontainers/ryuk:0.4.0, configFile: /home/matija/.docker/config.json, configEnv: DOCKER_AUTH_CONFIG). Falling back to docker-java default behaviour. Exception message: Status 404: No config supplied. Checked in order: /home/matija/.docker/config.json (file not found), DOCKER_AUTH_CONFIG (not set)
2023-06-18T18:00:24.757+02:00  INFO 27604 --- [           main] tc.testcontainers/ryuk:0.4.0             : Container testcontainers/ryuk:0.4.0 is starting: d34de50c62ff511772ed45a2fd8a720589055c7d4f836700eda78b0e81337d01
2023-06-18T18:00:25.418+02:00  INFO 27604 --- [           main] tc.testcontainers/ryuk:0.4.0             : Container testcontainers/ryuk:0.4.0 started in PT2.048451713S
2023-06-18T18:00:25.424+02:00  INFO 27604 --- [           main] o.t.utility.RyukResourceReaper           : Ryuk started - will monitor and terminate Testcontainers containers on JVM exit
2023-06-18T18:00:25.424+02:00  INFO 27604 --- [           main] org.testcontainers.DockerClientFactory   : Checking the system...
2023-06-18T18:00:25.425+02:00  INFO 27604 --- [           main] org.testcontainers.DockerClientFactory   : ✔︎ Docker server version should be at least 1.6.0
2023-06-18T18:00:25.426+02:00  INFO 27604 --- [           main] tc.mongo:latest                          : Creating container for image: mongo:latest
2023-06-18T18:00:25.514+02:00  INFO 27604 --- [           main] tc.mongo:latest                          : Container mongo:latest is starting: 009934db2a92d84fd5832874edced5f1591850b9be492d473e8798ab4d43f964
2023-06-18T18:00:27.772+02:00  INFO 27604 --- [           main] tc.mongo:latest                          : Container mongo:latest started in PT2.346377029S

  .   ____          _            __ _ _
 /\\ / ___'_ __ _ _(_)_ __  __ _ \ \ \ \
( ( )\___ | '_ | '_| | '_ \/ _` | \ \ \ \
 \\/  ___)| |_)| | | | | || (_| |  ) ) ) )
  '  |____| .__|_| |_|_| |_\__, | / / / /
 =========|_|==============|___/=/_/_/_/
 :: Spring Boot ::                (v3.1.0)

2023-06-18T18:00:32.647+02:00  INFO 27604 --- [           main] c.a.hostapp.integration.TestDatabaseCon  : Starting TestDatabaseCon using Java 20.0.1 with PID 27604 (started by matija in /home/matija/programi/DevOps/host-service/hotel-host-service)
2023-06-18T18:00:32.647+02:00  INFO 27604 --- [           main] c.a.hostapp.integration.TestDatabaseCon  : No active profile set, falling back to 1 default profile: "default"
2023-06-18T18:00:32.834+02:00  INFO 27604 --- [           main] .s.d.r.c.RepositoryConfigurationDelegate : Multiple Spring Data modules found, entering strict repository configuration mode
2023-06-18T18:00:32.835+02:00  INFO 27604 --- [           main] .s.d.r.c.RepositoryConfigurationDelegate : Bootstrapping Spring Data MongoDB repositories in DEFAULT mode.
2023-06-18T18:00:32.847+02:00  INFO 27604 --- [           main] .s.d.r.c.RepositoryConfigurationDelegate : Finished Spring Data repository scanning in 12 ms. Found 2 MongoDB repository interfaces.
2023-06-18T18:00:33.036+02:00  INFO 27604 --- [           main] org.mongodb.driver.client                : MongoClient with metadata {"driver": {"name": "mongo-java-driver|sync|spring-boot", "version": "4.9.1"}, "os": {"type": "Linux", "name": "Linux", "architecture": "amd64", "version": "5.15.0-75-generic"}, "platform": "Java/Oracle Corporation/20.0.1+9-29"} created with settings MongoClientSettings{readPreference=primary, writeConcern=WriteConcern{w=null, wTimeout=null ms, journal=null}, retryWrites=true, retryReads=true, readConcern=ReadConcern{level=null}, credential=null, streamFactoryFactory=null, commandListeners=[], codecRegistry=ProvidersCodecRegistry{codecProviders=[ValueCodecProvider{}, BsonValueCodecProvider{}, DBRefCodecProvider{}, DBObjectCodecProvider{}, DocumentCodecProvider{}, CollectionCodecProvider{}, IterableCodecProvider{}, MapCodecProvider{}, GeoJsonCodecProvider{}, GridFSFileCodecProvider{}, Jsr310CodecProvider{}, JsonObjectCodecProvider{}, BsonCodecProvider{}, EnumCodecProvider{}, com.mongodb.client.model.mql.ExpressionCodecProvider@77ab22be, com.mongodb.Jep395RecordCodecProvider@59fbb34]}, loggerSettings=LoggerSettings{maxDocumentLength=1000}, clusterSettings={hosts=[localhost:32824], srvServiceName=mongodb, mode=SINGLE, requiredClusterType=UNKNOWN, requiredReplicaSetName='null', serverSelector='null', clusterListeners='[]', serverSelectionTimeout='30000 ms', localThreshold='30000 ms'}, socketSettings=SocketSettings{connectTimeoutMS=10000, readTimeoutMS=0, receiveBufferSize=0, sendBufferSize=0}, heartbeatSocketSettings=SocketSettings{connectTimeoutMS=10000, readTimeoutMS=10000, receiveBufferSize=0, sendBufferSize=0}, connectionPoolSettings=ConnectionPoolSettings{maxSize=100, minSize=0, maxWaitTimeMS=120000, maxConnectionLifeTimeMS=0, maxConnectionIdleTimeMS=0, maintenanceInitialDelayMS=0, maintenanceFrequencyMS=60000, connectionPoolListeners=[], maxConnecting=2}, serverSettings=ServerSettings{heartbeatFrequencyMS=10000, minHeartbeatFrequencyMS=500, serverListeners='[]', serverMonitorListeners='[]'}, sslSettings=SslSettings{enabled=false, invalidHostNameAllowed=false, context=null}, applicationName='null', compressorList=[], uuidRepresentation=JAVA_LEGACY, serverApi=null, autoEncryptionSettings=null, contextProvider=null}
2023-06-18T18:00:33.056+02:00  INFO 27604 --- [localhost:32824] org.mongodb.driver.cluster               : Monitor thread successfully connected to server with description ServerDescription{address=localhost:32824, type=REPLICA_SET_PRIMARY, state=CONNECTED, ok=true, minWireVersion=0, maxWireVersion=17, maxDocumentSize=16777216, logicalSessionTimeoutMinutes=30, roundTripTimeNanos=4945880, setName='docker-rs', canonicalAddress=009934db2a92:27017, hosts=[009934db2a92:27017], passives=[], arbiters=[], primary='009934db2a92:27017', tagSet=TagSet{[]}, electionId=7fffffff0000000000000001, setVersion=1, topologyVersion=TopologyVersion{processId=648f2a1ad6a94275522f99be, counter=6}, lastWriteDate=Sun Jun 18 18:00:31 CEST 2023, lastUpdateTimeNanos=10202515642616}
2023-06-18T18:00:33.296+02:00  INFO 27604 --- [           main] o.s.b.t.m.w.SpringBootMockServletContext : Initializing Spring TestDispatcherServlet ''
2023-06-18T18:00:33.296+02:00  INFO 27604 --- [           main] o.s.t.web.servlet.TestDispatcherServlet  : Initializing Servlet ''
2023-06-18T18:00:33.300+02:00  INFO 27604 --- [           main] o.s.t.web.servlet.TestDispatcherServlet  : Completed initialization in 2 ms
2023-06-18T18:00:33.311+02:00  INFO 27604 --- [           main] c.a.hostapp.integration.TestDatabaseCon  : Started TestDatabaseCon in 0.704 seconds (process running for 16.556)

MockHttpServletRequest:
      HTTP Method = GET
      Request URI = /api/host/korisnik/all
       Parameters = {}
          Headers = [Accept:"application/json"]
             Body = null
    Session Attrs = {}

Handler:
             Type = com.artificialncool.hostapp.controller.KorisnikController
           Method = com.artificialncool.hostapp.controller.KorisnikController#getAll()

Async:
    Async started = false
     Async result = null

Resolved Exception:
             Type = null

ModelAndView:
        View name = null
             View = null
            Model = null

FlashMap:
       Attributes = null

MockHttpServletResponse:
           Status = 200
    Error message = null
          Headers = [Content-Type:"application/json"]
     Content type = application/json
             Body = [{"id":"648f2a218accca0ad9d3edd7","username":null,"ime":null,"prezime":null,"email":null,"prebivalste":null,"prosecnaOcena":null,"uloga":null,"ocene":[],"notifikacije":[]},{"id":"648f2a218accca0ad9d3edd8","username":null,"ime":null,"prezime":null,"email":null,"prebivalste":null,"prosecnaOcena":null,"uloga":null,"ocene":[],"notifikacije":[]},{"id":"648f2a218accca0ad9d3edd9","username":null,"ime":null,"prezime":null,"email":null,"prebivalste":null,"prosecnaOcena":null,"uloga":null,"ocene":[],"notifikacije":[]}]
    Forwarded URL = null
   Redirected URL = null
          Cookies = []
]]></system-out>
  </testcase>
  <testcase name="shouldSaveOne" classname="com.artificialncool.hostapp.integration.TestDatabaseCon" time="0.093">
    <system-out><![CDATA[
MockHttpServletRequest:
      HTTP Method = POST
      Request URI = /api/host/korisnik
       Parameters = {}
          Headers = [Content-Type:"application/json;charset=UTF-8", Accept:"application/json", Content-Length:"204"]
             Body = {"id":null,"username":"test-user","ime":"testko","prezime":"testovic","email":"test@example.com","prebivalste":"Buljakovac 34, Cacak","prosecnaOcena":null,"uloga":"GUEST","ocene":null,"notifikacije":null}
    Session Attrs = {}

Handler:
             Type = com.artificialncool.hostapp.controller.KorisnikController
           Method = com.artificialncool.hostapp.controller.KorisnikController#createKorisnik(Korisnik)

Async:
    Async started = false
     Async result = null

Resolved Exception:
             Type = null

ModelAndView:
        View name = null
             View = null
            Model = null

FlashMap:
       Attributes = null

MockHttpServletResponse:
           Status = 201
    Error message = null
          Headers = [Content-Type:"application/json"]
     Content type = application/json
             Body = {"id":"648f2a218accca0ad9d3edda","username":"test-user","ime":"testko","prezime":"testovic","email":"test@example.com","prebivalste":"Buljakovac 34, Cacak","prosecnaOcena":null,"uloga":"GUEST","ocene":null,"notifikacije":null}
    Forwarded URL = null
   Redirected URL = null
          Cookies = []
]]></system-out>
  </testcase>
</testsuite>